2018-01-15 13:07:13,745 [Worker-11] INFO  o.e.m.c.i.l.LifecycleMappingFactory - Using org.eclipse.m2e.jdt.JarLifecycleMapping lifecycle mapping for MavenProject: DesignHill:DesignHill:0.0.1-SNAPSHOT @ C:\Users\kripal\Documents\qatask1\DesignHillTest\pom.xml.
2018-01-15 13:07:13,745 [Worker-8] INFO  o.e.m.c.i.l.LifecycleMappingFactory - Using org.eclipse.m2e.jdt.JarLifecycleMapping lifecycle mapping for MavenProject: DesignHill:DesignHill:0.0.1-SNAPSHOT @ C:\Users\kripal\Documents\qatask1\DesignHillTest\pom.xml.
2018-01-15 13:07:20,127 [Worker-11] WARN  o.e.m.c.i.embedder.EclipseLogger - Using platform encoding (Cp1252 actually) to copy filtered resources, i.e. build is platform dependent!
2018-01-15 13:07:20,129 [Worker-11] INFO  o.e.m.c.i.embedder.EclipseLogger - skip non existing resourceDirectory C:\Users\kripal\Documents\qatask1\DesignHillTest\src\main\resources
2018-01-15 13:07:20,131 [Worker-11] WARN  o.e.m.c.i.embedder.EclipseLogger - Using platform encoding (Cp1252 actually) to copy filtered resources, i.e. build is platform dependent!
2018-01-15 13:07:20,137 [Worker-11] INFO  o.e.m.c.i.embedder.EclipseLogger - skip non existing resourceDirectory C:\Users\kripal\Documents\qatask1\DesignHillTest\src\test\resources
2018-01-15 13:07:22,034 [Worker-3] INFO  o.e.m.c.i.l.LifecycleMappingFactory - Using org.eclipse.m2e.jdt.JarLifecycleMapping lifecycle mapping for MavenProject: DesignHill:DesignHill:0.0.1-SNAPSHOT @ C:\Users\kripal\Documents\qatask1\DesignHillTest\pom.xml.
2018-01-15 13:07:22,971 [Worker-17] WARN  o.e.m.c.i.embedder.EclipseLogger - Using platform encoding (Cp1252 actually) to copy filtered resources, i.e. build is platform dependent!
2018-01-15 13:07:22,973 [Worker-17] INFO  o.e.m.c.i.embedder.EclipseLogger - skip non existing resourceDirectory C:\Users\kripal\Documents\qatask1\DesignHillTest\src\main\resources
2018-01-15 13:07:22,975 [Worker-17] WARN  o.e.m.c.i.embedder.EclipseLogger - Using platform encoding (Cp1252 actually) to copy filtered resources, i.e. build is platform dependent!
2018-01-15 13:07:22,977 [Worker-17] INFO  o.e.m.c.i.embedder.EclipseLogger - skip non existing resourceDirectory C:\Users\kripal\Documents\qatask1\DesignHillTest\src\test\resources
2018-01-15 13:07:24,354 [Worker-13] WARN  o.e.m.c.i.embedder.EclipseLogger - Using platform encoding (Cp1252 actually) to copy filtered resources, i.e. build is platform dependent!
2018-01-15 13:07:24,355 [Worker-13] INFO  o.e.m.c.i.embedder.EclipseLogger - skip non existing resourceDirectory C:\Users\kripal\Documents\qatask1\DesignHillTest\src\main\resources
2018-01-15 13:07:24,357 [Worker-13] WARN  o.e.m.c.i.embedder.EclipseLogger - Using platform encoding (Cp1252 actually) to copy filtered resources, i.e. build is platform dependent!
2018-01-15 13:07:24,358 [Worker-13] INFO  o.e.m.c.i.embedder.EclipseLogger - skip non existing resourceDirectory C:\Users\kripal\Documents\qatask1\DesignHillTest\src\test\resources
2018-01-15 16:00:16,922 [main] INFO  o.e.m2e.actions.ExecutePomAction - Creating new launch configuration
2018-01-15 16:00:21,122 [Worker-18] INFO  o.e.m.i.launch.MavenLaunchDelegate - C:\Users\kripal\Documents\qatask1\DesignHillTest
2018-01-15 16:00:21,172 [Worker-18] INFO  o.e.m.i.launch.MavenLaunchDelegate -  mvn  -B 
2018-01-15 17:33:20,563 [Worker-29] INFO  o.e.m.i.launch.MavenLaunchDelegate - C:\Users\kripal\Documents\qatask1\DesignHillTest
2018-01-15 17:33:20,584 [Worker-29] INFO  o.e.m.i.launch.MavenLaunchDelegate -  mvn  -B 
2018-01-16 11:07:26,185 [Worker-8] WARN  o.e.m.c.i.embedder.EclipseLogger - Using platform encoding (Cp1252 actually) to copy filtered resources, i.e. build is platform dependent!
2018-01-16 11:07:26,210 [Worker-8] INFO  o.e.m.c.i.embedder.EclipseLogger - skip non existing resourceDirectory C:\Users\kripal\Documents\qatask1\DesignHillTest\src\main\resources
2018-01-16 11:07:26,212 [Worker-8] WARN  o.e.m.c.i.embedder.EclipseLogger - Using platform encoding (Cp1252 actually) to copy filtered resources, i.e. build is platform dependent!
2018-01-16 11:07:26,214 [Worker-8] INFO  o.e.m.c.i.embedder.EclipseLogger - skip non existing resourceDirectory C:\Users\kripal\Documents\qatask1\DesignHillTest\src\test\resources
2018-01-31 11:23:01,271 [Worker-0] WARN  o.e.m.c.i.embedder.EclipseLogger - Using platform encoding (Cp1252 actually) to copy filtered resources, i.e. build is platform dependent!
2018-01-31 11:23:01,290 [Worker-0] INFO  o.e.m.c.i.embedder.EclipseLogger - skip non existing resourceDirectory C:\Users\kripal\Documents\qatask1\DesignHillTest\src\main\resources
2018-01-31 11:23:01,292 [Worker-0] WARN  o.e.m.c.i.embedder.EclipseLogger - Using platform encoding (Cp1252 actually) to copy filtered resources, i.e. build is platform dependent!
2018-01-31 11:23:01,293 [Worker-0] INFO  o.e.m.c.i.embedder.EclipseLogger - skip non existing resourceDirectory C:\Users\kripal\Documents\qatask1\DesignHillTest\src\test\resources
2018-02-27 11:16:24,503 [Worker-0] WARN  o.e.m.c.i.embedder.EclipseLogger - Using platform encoding (Cp1252 actually) to copy filtered resources, i.e. build is platform dependent!
2018-02-27 11:16:24,509 [Worker-0] INFO  o.e.m.c.i.embedder.EclipseLogger - skip non existing resourceDirectory C:\Users\kripal\Documents\qatask1\DesignHillTest\src\main\resources
2018-02-27 11:16:24,512 [Worker-0] WARN  o.e.m.c.i.embedder.EclipseLogger - Using platform encoding (Cp1252 actually) to copy filtered resources, i.e. build is platform dependent!
2018-02-27 11:16:24,513 [Worker-0] INFO  o.e.m.c.i.embedder.EclipseLogger - skip non existing resourceDirectory C:\Users\kripal\Documents\qatask1\DesignHillTest\src\test\resources
2018-02-27 14:45:42,395 [Worker-35] WARN  o.e.m.c.i.embedder.EclipseLogger - Using platform encoding (Cp1252 actually) to copy filtered resources, i.e. build is platform dependent!
2018-02-27 14:45:42,479 [Worker-35] INFO  o.e.m.c.i.embedder.EclipseLogger - skip non existing resourceDirectory C:\Users\kripal\Documents\qatask1\DesignHillTest\src\main\resources
2018-02-27 14:45:42,481 [Worker-35] WARN  o.e.m.c.i.embedder.EclipseLogger - Using platform encoding (Cp1252 actually) to copy filtered resources, i.e. build is platform dependent!
2018-02-27 14:45:42,483 [Worker-35] INFO  o.e.m.c.i.embedder.EclipseLogger - skip non existing resourceDirectory C:\Users\kripal\Documents\qatask1\DesignHillTest\src\test\resources
2018-03-12 15:44:49,166 [Worker-2] WARN  o.e.m.c.i.embedder.EclipseLogger - Using platform encoding (Cp1252 actually) to copy filtered resources, i.e. build is platform dependent!
2018-03-12 15:44:49,178 [Worker-2] INFO  o.e.m.c.i.embedder.EclipseLogger - skip non existing resourceDirectory C:\Users\kripal\Documents\qatask1\DesignHillTest\src\main\resources
2018-03-12 15:44:49,180 [Worker-2] WARN  o.e.m.c.i.embedder.EclipseLogger - Using platform encoding (Cp1252 actually) to copy filtered resources, i.e. build is platform dependent!
2018-03-12 15:44:49,181 [Worker-2] INFO  o.e.m.c.i.embedder.EclipseLogger - skip non existing resourceDirectory C:\Users\kripal\Documents\qatask1\DesignHillTest\src\test\resources
2018-03-12 15:44:51,377 [Worker-0] WARN  o.e.m.c.i.embedder.EclipseLogger - Using platform encoding (Cp1252 actually) to copy filtered resources, i.e. build is platform dependent!
2018-03-12 15:44:51,379 [Worker-0] INFO  o.e.m.c.i.embedder.EclipseLogger - skip non existing resourceDirectory C:\Users\kripal\Documents\qatask1\DesignHillTest\src\main\resources
2018-03-12 15:44:51,381 [Worker-0] WARN  o.e.m.c.i.embedder.EclipseLogger - Using platform encoding (Cp1252 actually) to copy filtered resources, i.e. build is platform dependent!
2018-03-12 15:44:51,382 [Worker-0] INFO  o.e.m.c.i.embedder.EclipseLogger - skip non existing resourceDirectory C:\Users\kripal\Documents\qatask1\DesignHillTest\src\test\resources
2018-03-12 18:07:19,817 [Worker-14] WARN  o.e.m.c.i.embedder.EclipseLogger - Using platform encoding (Cp1252 actually) to copy filtered resources, i.e. build is platform dependent!
2018-03-12 18:07:19,870 [Worker-14] INFO  o.e.m.c.i.embedder.EclipseLogger - skip non existing resourceDirectory C:\Users\kripal\Documents\qatask1\DesignHillTest\src\main\resources
2018-03-12 18:07:19,872 [Worker-14] WARN  o.e.m.c.i.embedder.EclipseLogger - Using platform encoding (Cp1252 actually) to copy filtered resources, i.e. build is platform dependent!
2018-03-12 18:07:19,873 [Worker-14] INFO  o.e.m.c.i.embedder.EclipseLogger - skip non existing resourceDirectory C:\Users\kripal\Documents\qatask1\DesignHillTest\src\test\resources
